type	name	value	zone	address	bytes	access	other
Internal	R0	0x20000000			4	readWrite	strong	
Internal	R1	0x400ff104			4	readWrite	strong	
Internal	R2	0x0			4	readWrite	strong	
Internal	R3	0x4			4	readWrite	strong	
Internal	R4	0xaffffee7			4	readWrite	strong	
Internal	R5	0xeffeb7ff			4	readWrite	strong	
Internal	R6	0xfffef7de			4	readWrite	strong	
Internal	R7	0xbbffffde			4	readWrite	strong	
Internal	R8	0xfffdfff2			4	readWrite	strong	
Internal	R9	0xfbedffff			4	readWrite	strong	
Internal	R10	0xdffffef7			4	readWrite	strong	
Internal	R11	0xfddfffdf			4	readWrite	strong	
Internal	R12	0x5efff714			4	readWrite	strong	
Internal	R13	0x1fffe7f8			4	readWrite	strong	
Internal	R14	0x5a3			4	readWrite	strong	
Internal	PC	0x5a2			4	readWrite	strong	
Internal	APSR	0x0			4	readWrite	strong	
Internal	IAPSR	0x0			4	readWrite	strong	
Internal	EAPSR	0x1000000			4	readWrite	strong	
Internal	xPSR	0x1000000			4	readWrite	strong	
Internal	IPSR	0x0			4	readWrite	strong	
Internal	EPSR	0x1000000			4	readWrite	strong	
Internal	IEPSR	0x1000000			4	readWrite	strong	
Internal	R13_main	0x1fffe7f8			4	readWrite	strong	
Internal	R13_proc	0xfffbfd7c			4	readWrite	strong	
Internal	PRIMASK	0x0			4	readWrite	strong	
Internal	CONTROL	0x0			4	readWrite	strong	
Internal	CFBP	0x0			4	readWrite	strong	
Internal	SP	0x1fffe7f8			4	readWrite	strong	
Internal	LR	0x5a3			4	readWrite	strong	
Internal	R15	0x5a2			4	readWrite	strong	
Internal	SP_process	0xfffbfd7c			4	readWrite	strong	
Internal	R13_process	0xfffbfd7c			4	readWrite	strong	
Internal	PSP	0xfffbfd7c			4	readWrite	strong	
Internal	SP_main	0x1fffe7f8			4	readWrite	strong	
Internal	MSP	0x1fffe7f8			4	readWrite	strong	
Internal	CYCLECOUNTER	0x0			8	readOnly	strong	
Internal	CCTIMER1	0x0			8	readWrite	strong	
Internal	CCTIMER2	0x0			8	readWrite	strong	
Internal	CCSTEP	0x0			8	readOnly	strong	
Factory	NV_BACKKEY3	0xff	Memory	0x400	1	readOnly	strong	
Factory	NV_BACKKEY2	0xff	Memory	0x401	1	readOnly	strong	
Factory	NV_BACKKEY1	0xff	Memory	0x402	1	readOnly	strong	
Factory	NV_BACKKEY0	0xff	Memory	0x403	1	readOnly	strong	
Factory	NV_BACKKEY7	0xff	Memory	0x404	1	readOnly	strong	
Factory	NV_BACKKEY6	0xff	Memory	0x405	1	readOnly	strong	
Factory	NV_BACKKEY5	0xff	Memory	0x406	1	readOnly	strong	
Factory	NV_BACKKEY4	0xff	Memory	0x407	1	readOnly	strong	
Factory	NV_FPROT3	0xff	Memory	0x408	1	readOnly	strong	
Factory	NV_FPROT2	0xff	Memory	0x409	1	readOnly	strong	
Factory	NV_FPROT1	0xff	Memory	0x40a	1	readOnly	strong	
Factory	NV_FPROT0	0xff	Memory	0x40b	1	readOnly	strong	
Factory	NV_FSEC	0xfe	Memory	0x40c	1	readOnly	strong	
Factory	NV_FOPT	0xff	Memory	0x40d	1	readOnly	strong	
Factory	DMA_SAR0	0x0	Memory	0x40008100	4	readWrite	strong	
Factory	DMA_SAR1	0x0	Memory	0x40008110	4	readWrite	strong	
Factory	DMA_SAR2	0x0	Memory	0x40008120	4	readWrite	strong	
Factory	DMA_SAR3	0x0	Memory	0x40008130	4	readWrite	strong	
Factory	DMA_DAR0	0x0	Memory	0x40008104	4	readWrite	strong	
Factory	DMA_DAR1	0x0	Memory	0x40008114	4	readWrite	strong	
Factory	DMA_DAR2	0x0	Memory	0x40008124	4	readWrite	strong	
Factory	DMA_DAR3	0x0	Memory	0x40008134	4	readWrite	strong	
Factory	DMA_DSR_BCR0	0x0	Memory	0x40008108	4	readWrite	strong	
Factory	DMA_DSR_BCR1	0x0	Memory	0x40008118	4	readWrite	strong	
Factory	DMA_DSR_BCR2	0x0	Memory	0x40008128	4	readWrite	strong	
Factory	DMA_DSR_BCR3	0x0	Memory	0x40008138	4	readWrite	strong	
Factory	DMA_DSR0	0x0	Memory	0x4000810b	1	readWrite	strong	
Factory	DMA_DCR0	0x0	Memory	0x4000810c	4	readWrite	strong	
Factory	DMA_DCR1	0x0	Memory	0x4000811c	4	readWrite	strong	
Factory	DMA_DCR2	0x0	Memory	0x4000812c	4	readWrite	strong	
Factory	DMA_DCR3	0x0	Memory	0x4000813c	4	readWrite	strong	
Factory	DMA_DSR1	0x0	Memory	0x4000811b	1	readWrite	strong	
Factory	DMA_DSR2	0x0	Memory	0x4000812b	1	readWrite	strong	
Factory	DMA_DSR3	0x0	Memory	0x4000813b	1	readWrite	strong	
Factory	FTFA_FSTAT	0x80	Memory	0x40020000	1	readWrite	strong	
Factory	FTFA_FCNFG	0x0	Memory	0x40020001	1	readWrite	strong	
Factory	FTFA_FSEC	0xfe	Memory	0x40020002	1	readOnly	strong	
Factory	FTFA_FOPT	0xff	Memory	0x40020003	1	readOnly	strong	
Factory	FTFA_FCCOB3	0x0	Memory	0x40020004	1	readWrite	strong	
Factory	FTFA_FCCOB2	0x0	Memory	0x40020005	1	readWrite	strong	
Factory	FTFA_FCCOB1	0x0	Memory	0x40020006	1	readWrite	strong	
Factory	FTFA_FCCOB0	0x0	Memory	0x40020007	1	readWrite	strong	
Factory	FTFA_FCCOB7	0x0	Memory	0x40020008	1	readWrite	strong	
Factory	FTFA_FCCOB6	0x0	Memory	0x40020009	1	readWrite	strong	
Factory	FTFA_FCCOB5	0x0	Memory	0x4002000a	1	readWrite	strong	
Factory	FTFA_FCCOB4	0x0	Memory	0x4002000b	1	readWrite	strong	
Factory	FTFA_FCCOBB	0x0	Memory	0x4002000c	1	readWrite	strong	
Factory	FTFA_FCCOBA	0x0	Memory	0x4002000d	1	readWrite	strong	
Factory	FTFA_FCCOB9	0x0	Memory	0x4002000e	1	readWrite	strong	
Factory	FTFA_FCCOB8	0x0	Memory	0x4002000f	1	readWrite	strong	
Factory	FTFA_FPROT3	0xff	Memory	0x40020010	1	readWrite	strong	
Factory	FTFA_FPROT2	0xff	Memory	0x40020011	1	readWrite	strong	
Factory	FTFA_FPROT1	0xff	Memory	0x40020012	1	readWrite	strong	
Factory	FTFA_FPROT0	0xff	Memory	0x40020013	1	readWrite	strong	
Factory	DMAMUX0_CHCFG0	---	Memory	0x40021000	1	readWrite	strong	
Factory	DMAMUX0_CHCFG1	---	Memory	0x40021001	1	readWrite	strong	
Factory	DMAMUX0_CHCFG2	---	Memory	0x40021002	1	readWrite	strong	
Factory	DMAMUX0_CHCFG3	---	Memory	0x40021003	1	readWrite	strong	
Factory	I2S0_TCSR	---	Memory	0x4002f000	4	readWrite	strong	
Factory	I2S0_TCR2	---	Memory	0x4002f008	4	readWrite	strong	
Factory	I2S0_TCR3	---	Memory	0x4002f00c	4	readWrite	strong	
Factory	I2S0_TCR4	---	Memory	0x4002f010	4	readWrite	strong	
Factory	I2S0_TCR5	---	Memory	0x4002f014	4	readWrite	strong	
Factory	I2S0_TDR	---	Memory	0x4002f020	4	writeOnly	strong	
Factory	I2S0_TMR	---	Memory	0x4002f060	4	readWrite	strong	
Factory	I2S0_RCSR	---	Memory	0x4002f080	4	readWrite	strong	
Factory	I2S0_RCR2	---	Memory	0x4002f088	4	readWrite	strong	
Factory	I2S0_RCR3	---	Memory	0x4002f08c	4	readWrite	strong	
Factory	I2S0_RCR4	---	Memory	0x4002f090	4	readWrite	strong	
Factory	I2S0_RCR5	---	Memory	0x4002f094	4	readWrite	strong	
Factory	I2S0_RDR	---	Memory	0x4002f0a0	4	readOnly	strong	
Factory	I2S0_RMR	---	Memory	0x4002f0e0	4	readWrite	strong	
Factory	I2S0_MCR	---	Memory	0x4002f100	4	readWrite	strong	
Factory	I2S0_MDR	---	Memory	0x4002f104	4	readWrite	strong	
Factory	PIT_MCR	---	Memory	0x40037000	4	readWrite	strong	
Factory	PIT_LTMR64H	---	Memory	0x400370e0	4	readOnly	strong	
Factory	PIT_LTMR64L	---	Memory	0x400370e4	4	readOnly	strong	
Factory	PIT_LDVAL0	---	Memory	0x40037100	4	readWrite	strong	
Factory	PIT_LDVAL1	---	Memory	0x40037110	4	readWrite	strong	
Factory	PIT_CVAL0	---	Memory	0x40037104	4	readOnly	strong	
Factory	PIT_CVAL1	---	Memory	0x40037114	4	readOnly	strong	
Factory	PIT_TCTRL0	---	Memory	0x40037108	4	readWrite	strong	
Factory	PIT_TCTRL1	---	Memory	0x40037118	4	readWrite	strong	
Factory	PIT_TFLG0	---	Memory	0x4003710c	4	readWrite	strong	
Factory	PIT_TFLG1	---	Memory	0x4003711c	4	readWrite	strong	
Factory	TPM0_SC	---	Memory	0x40038000	4	readWrite	strong	
Factory	TPM0_CNT	---	Memory	0x40038004	4	readWrite	strong	
Factory	TPM0_MOD	---	Memory	0x40038008	4	readWrite	strong	
Factory	TPM0_C0SC	---	Memory	0x4003800c	4	readWrite	strong	
Factory	TPM0_C1SC	---	Memory	0x40038014	4	readWrite	strong	
Factory	TPM0_C2SC	---	Memory	0x4003801c	4	readWrite	strong	
Factory	TPM0_C3SC	---	Memory	0x40038024	4	readWrite	strong	
Factory	TPM0_C4SC	---	Memory	0x4003802c	4	readWrite	strong	
Factory	TPM0_C5SC	---	Memory	0x40038034	4	readWrite	strong	
Factory	TPM0_C0V	---	Memory	0x40038010	4	readWrite	strong	
Factory	TPM0_C1V	---	Memory	0x40038018	4	readWrite	strong	
Factory	TPM0_C2V	---	Memory	0x40038020	4	readWrite	strong	
Factory	TPM0_C3V	---	Memory	0x40038028	4	readWrite	strong	
Factory	TPM0_C4V	---	Memory	0x40038030	4	readWrite	strong	
Factory	TPM0_C5V	---	Memory	0x40038038	4	readWrite	strong	
Factory	TPM0_STATUS	---	Memory	0x40038050	4	readWrite	strong	
Factory	TPM0_CONF	---	Memory	0x40038084	4	readWrite	strong	
Factory	TPM1_SC	---	Memory	0x40039000	4	readWrite	strong	
Factory	TPM1_CNT	---	Memory	0x40039004	4	readWrite	strong	
Factory	TPM1_MOD	---	Memory	0x40039008	4	readWrite	strong	
Factory	TPM1_C0SC	---	Memory	0x4003900c	4	readWrite	strong	
Factory	TPM1_C1SC	---	Memory	0x40039014	4	readWrite	strong	
Factory	TPM1_C0V	---	Memory	0x40039010	4	readWrite	strong	
Factory	TPM1_C1V	---	Memory	0x40039018	4	readWrite	strong	
Factory	TPM1_STATUS	---	Memory	0x40039050	4	readWrite	strong	
Factory	TPM1_CONF	---	Memory	0x40039084	4	readWrite	strong	
Factory	TPM2_SC	---	Memory	0x4003a000	4	readWrite	strong	
Factory	TPM2_CNT	---	Memory	0x4003a004	4	readWrite	strong	
Factory	TPM2_MOD	---	Memory	0x4003a008	4	readWrite	strong	
Factory	TPM2_C0SC	---	Memory	0x4003a00c	4	readWrite	strong	
Factory	TPM2_C1SC	---	Memory	0x4003a014	4	readWrite	strong	
Factory	TPM2_C0V	---	Memory	0x4003a010	4	readWrite	strong	
Factory	TPM2_C1V	---	Memory	0x4003a018	4	readWrite	strong	
Factory	TPM2_STATUS	---	Memory	0x4003a050	4	readWrite	strong	
Factory	TPM2_CONF	---	Memory	0x4003a084	4	readWrite	strong	
Factory	ADC0_SC1A	---	Memory	0x4003b000	4	readWrite	strong	
Factory	ADC0_SC1B	---	Memory	0x4003b004	4	readWrite	strong	
Factory	ADC0_CFG1	---	Memory	0x4003b008	4	readWrite	strong	
Factory	ADC0_CFG2	---	Memory	0x4003b00c	4	readWrite	strong	
Factory	ADC0_RA	---	Memory	0x4003b010	4	readOnly	strong	
Factory	ADC0_RB	---	Memory	0x4003b014	4	readOnly	strong	
Factory	ADC0_CV1	---	Memory	0x4003b018	4	readWrite	strong	
Factory	ADC0_CV2	---	Memory	0x4003b01c	4	readWrite	strong	
Factory	ADC0_SC2	---	Memory	0x4003b020	4	readWrite	strong	
Factory	ADC0_SC3	---	Memory	0x4003b024	4	readWrite	strong	
Factory	ADC0_OFS	---	Memory	0x4003b028	4	readWrite	strong	
Factory	ADC0_PG	---	Memory	0x4003b02c	4	readWrite	strong	
Factory	ADC0_MG	---	Memory	0x4003b030	4	readWrite	strong	
Factory	ADC0_CLPD	---	Memory	0x4003b034	4	readWrite	strong	
Factory	ADC0_CLPS	---	Memory	0x4003b038	4	readWrite	strong	
Factory	ADC0_CLP4	---	Memory	0x4003b03c	4	readWrite	strong	
Factory	ADC0_CLP3	---	Memory	0x4003b040	4	readWrite	strong	
Factory	ADC0_CLP2	---	Memory	0x4003b044	4	readWrite	strong	
Factory	ADC0_CLP1	---	Memory	0x4003b048	4	readWrite	strong	
Factory	ADC0_CLP0	---	Memory	0x4003b04c	4	readWrite	strong	
Factory	ADC0_CLMD	---	Memory	0x4003b054	4	readWrite	strong	
Factory	ADC0_CLMS	---	Memory	0x4003b058	4	readWrite	strong	
Factory	ADC0_CLM4	---	Memory	0x4003b05c	4	readWrite	strong	
Factory	ADC0_CLM3	---	Memory	0x4003b060	4	readWrite	strong	
Factory	ADC0_CLM2	---	Memory	0x4003b064	4	readWrite	strong	
Factory	ADC0_CLM1	---	Memory	0x4003b068	4	readWrite	strong	
Factory	ADC0_CLM0	---	Memory	0x4003b06c	4	readWrite	strong	
Factory	RTC_TSR	---	Memory	0x4003d000	4	readWrite	strong	
Factory	RTC_TPR	---	Memory	0x4003d004	4	readWrite	strong	
Factory	RTC_TAR	---	Memory	0x4003d008	4	readWrite	strong	
Factory	RTC_TCR	---	Memory	0x4003d00c	4	readWrite	strong	
Factory	RTC_CR	---	Memory	0x4003d010	4	readWrite	strong	
Factory	RTC_SR	---	Memory	0x4003d014	4	readWrite	strong	
Factory	RTC_LR	---	Memory	0x4003d018	4	readWrite	strong	
Factory	RTC_IER	---	Memory	0x4003d01c	4	readWrite	strong	
Factory	DAC0_DAT0L	---	Memory	0x4003f000	1	readWrite	strong	
Factory	DAC0_DAT1L	---	Memory	0x4003f002	1	readWrite	strong	
Factory	DAC0_DAT0H	---	Memory	0x4003f001	1	readWrite	strong	
Factory	DAC0_DAT1H	---	Memory	0x4003f003	1	readWrite	strong	
Factory	DAC0_SR	---	Memory	0x4003f020	1	readWrite	strong	
Factory	DAC0_C0	---	Memory	0x4003f021	1	readWrite	strong	
Factory	DAC0_C1	---	Memory	0x4003f022	1	readWrite	strong	
Factory	DAC0_C2	---	Memory	0x4003f023	1	readWrite	strong	
Factory	LPTMR0_CSR	---	Memory	0x40040000	4	readWrite	strong	
Factory	LPTMR0_PSR	---	Memory	0x40040004	4	readWrite	strong	
Factory	LPTMR0_CMR	---	Memory	0x40040008	4	readWrite	strong	
Factory	LPTMR0_CNR	---	Memory	0x4004000c	4	readOnly	strong	
Factory	TSI0_GENCS	---	Memory	0x40045000	4	readWrite	strong	
Factory	TSI0_DATA	---	Memory	0x40045004	4	readWrite	strong	
Factory	TSI0_TSHD	---	Memory	0x40045008	4	readWrite	strong	
Factory	SIM_SOPT1	0x80000010	Memory	0x40047000	4	readWrite	strong	
Factory	SIM_SOPT1CFG	0x0	Memory	0x40047004	4	readWrite	strong	
Factory	SIM_SOPT2	0x0	Memory	0x40048004	4	readWrite	strong	
Factory	SIM_SOPT4	0x0	Memory	0x4004800c	4	readWrite	strong	
Factory	SIM_SOPT5	0x0	Memory	0x40048010	4	readWrite	strong	
Factory	SIM_SOPT7	0x0	Memory	0x40048018	4	readWrite	strong	
Factory	SIM_SDID	0x46161588	Memory	0x40048024	4	readOnly	strong	
Factory	SIM_SCGC4	0xf0000030	Memory	0x40048034	4	readWrite	strong	
Factory	SIM_SCGC5	0x3182	Memory	0x40048038	4	readWrite	strong	
Factory	SIM_SCGC6	0x1	Memory	0x4004803c	4	readWrite	strong	
Factory	SIM_SCGC7	0x100	Memory	0x40048040	4	readWrite	strong	
Factory	SIM_CLKDIV1	0x10000	Memory	0x40048044	4	readWrite	strong	
Factory	SIM_FCFG1	0x9000000	Memory	0x4004804c	4	readWrite	strong	
Factory	SIM_FCFG2	0x10900000	Memory	0x40048050	4	readOnly	strong	
Factory	SIM_UIDMH	0x24	Memory	0x40048058	4	readOnly	strong	
Factory	SIM_UIDML	0x406005	Memory	0x4004805c	4	readOnly	strong	
Factory	SIM_UIDL	0x38104e45	Memory	0x40048060	4	readOnly	strong	
Factory	SIM_COPC	0x0	Memory	0x40048100	4	readWrite	strong	
Factory	SIM_SRVCOP	---	Memory	0x40048104	4	writeOnly	strong	
Factory	PORTA_PCR0	---	Memory	0x40049000	4	readWrite	strong	
Factory	PORTA_PCR1	---	Memory	0x40049004	4	readWrite	strong	
Factory	PORTA_PCR2	---	Memory	0x40049008	4	readWrite	strong	
Factory	PORTA_PCR3	---	Memory	0x4004900c	4	readWrite	strong	
Factory	PORTA_PCR4	---	Memory	0x40049010	4	readWrite	strong	
Factory	PORTA_PCR5	---	Memory	0x40049014	4	readWrite	strong	
Factory	PORTA_PCR6	---	Memory	0x40049018	4	readWrite	strong	
Factory	PORTA_PCR7	---	Memory	0x4004901c	4	readWrite	strong	
Factory	PORTA_PCR8	---	Memory	0x40049020	4	readWrite	strong	
Factory	PORTA_PCR9	---	Memory	0x40049024	4	readWrite	strong	
Factory	PORTA_PCR10	---	Memory	0x40049028	4	readWrite	strong	
Factory	PORTA_PCR11	---	Memory	0x4004902c	4	readWrite	strong	
Factory	PORTA_PCR12	---	Memory	0x40049030	4	readWrite	strong	
Factory	PORTA_PCR13	---	Memory	0x40049034	4	readWrite	strong	
Factory	PORTA_PCR14	---	Memory	0x40049038	4	readWrite	strong	
Factory	PORTA_PCR15	---	Memory	0x4004903c	4	readWrite	strong	
Factory	PORTA_PCR16	---	Memory	0x40049040	4	readWrite	strong	
Factory	PORTA_PCR17	---	Memory	0x40049044	4	readWrite	strong	
Factory	PORTA_PCR18	---	Memory	0x40049048	4	readWrite	strong	
Factory	PORTA_PCR19	---	Memory	0x4004904c	4	readWrite	strong	
Factory	PORTA_PCR20	---	Memory	0x40049050	4	readWrite	strong	
Factory	PORTA_PCR21	---	Memory	0x40049054	4	readWrite	strong	
Factory	PORTA_PCR22	---	Memory	0x40049058	4	readWrite	strong	
Factory	PORTA_PCR23	---	Memory	0x4004905c	4	readWrite	strong	
Factory	PORTA_PCR24	---	Memory	0x40049060	4	readWrite	strong	
Factory	PORTA_PCR25	---	Memory	0x40049064	4	readWrite	strong	
Factory	PORTA_PCR26	---	Memory	0x40049068	4	readWrite	strong	
Factory	PORTA_PCR27	---	Memory	0x4004906c	4	readWrite	strong	
Factory	PORTA_PCR28	---	Memory	0x40049070	4	readWrite	strong	
Factory	PORTA_PCR29	---	Memory	0x40049074	4	readWrite	strong	
Factory	PORTA_PCR30	---	Memory	0x40049078	4	readWrite	strong	
Factory	PORTA_PCR31	---	Memory	0x4004907c	4	readWrite	strong	
Factory	PORTA_GPCLR	---	Memory	0x40049080	4	writeOnly	strong	
Factory	PORTA_GPCHR	---	Memory	0x40049084	4	writeOnly	strong	
Factory	PORTA_ISFR	---	Memory	0x400490a0	4	readWrite	strong	
Factory	PORTB_PCR0	---	Memory	0x4004a000	4	readWrite	strong	
Factory	PORTB_PCR1	---	Memory	0x4004a004	4	readWrite	strong	
Factory	PORTB_PCR2	---	Memory	0x4004a008	4	readWrite	strong	
Factory	PORTB_PCR3	---	Memory	0x4004a00c	4	readWrite	strong	
Factory	PORTB_PCR4	---	Memory	0x4004a010	4	readWrite	strong	
Factory	PORTB_PCR5	---	Memory	0x4004a014	4	readWrite	strong	
Factory	PORTB_PCR6	---	Memory	0x4004a018	4	readWrite	strong	
Factory	PORTB_PCR7	---	Memory	0x4004a01c	4	readWrite	strong	
Factory	PORTB_PCR8	---	Memory	0x4004a020	4	readWrite	strong	
Factory	PORTB_PCR9	---	Memory	0x4004a024	4	readWrite	strong	
Factory	PORTB_PCR10	---	Memory	0x4004a028	4	readWrite	strong	
Factory	PORTB_PCR11	---	Memory	0x4004a02c	4	readWrite	strong	
Factory	PORTB_PCR12	---	Memory	0x4004a030	4	readWrite	strong	
Factory	PORTB_PCR13	---	Memory	0x4004a034	4	readWrite	strong	
Factory	PORTB_PCR14	---	Memory	0x4004a038	4	readWrite	strong	
Factory	PORTB_PCR15	---	Memory	0x4004a03c	4	readWrite	strong	
Factory	PORTB_PCR16	---	Memory	0x4004a040	4	readWrite	strong	
Factory	PORTB_PCR17	---	Memory	0x4004a044	4	readWrite	strong	
Factory	PORTB_PCR18	---	Memory	0x4004a048	4	readWrite	strong	
Factory	PORTB_PCR19	---	Memory	0x4004a04c	4	readWrite	strong	
Factory	PORTB_PCR20	---	Memory	0x4004a050	4	readWrite	strong	
Factory	PORTB_PCR21	---	Memory	0x4004a054	4	readWrite	strong	
Factory	PORTB_PCR22	---	Memory	0x4004a058	4	readWrite	strong	
Factory	PORTB_PCR23	---	Memory	0x4004a05c	4	readWrite	strong	
Factory	PORTB_PCR24	---	Memory	0x4004a060	4	readWrite	strong	
Factory	PORTB_PCR25	---	Memory	0x4004a064	4	readWrite	strong	
Factory	PORTB_PCR26	---	Memory	0x4004a068	4	readWrite	strong	
Factory	PORTB_PCR27	---	Memory	0x4004a06c	4	readWrite	strong	
Factory	PORTB_PCR28	---	Memory	0x4004a070	4	readWrite	strong	
Factory	PORTB_PCR29	---	Memory	0x4004a074	4	readWrite	strong	
Factory	PORTB_PCR30	---	Memory	0x4004a078	4	readWrite	strong	
Factory	PORTB_PCR31	---	Memory	0x4004a07c	4	readWrite	strong	
Factory	PORTB_GPCLR	---	Memory	0x4004a080	4	writeOnly	strong	
Factory	PORTB_GPCHR	---	Memory	0x4004a084	4	writeOnly	strong	
Factory	PORTB_ISFR	---	Memory	0x4004a0a0	4	readWrite	strong	
Factory	PORTC_PCR0	---	Memory	0x4004b000	4	readWrite	strong	
Factory	PORTC_PCR1	---	Memory	0x4004b004	4	readWrite	strong	
Factory	PORTC_PCR2	---	Memory	0x4004b008	4	readWrite	strong	
Factory	PORTC_PCR3	---	Memory	0x4004b00c	4	readWrite	strong	
Factory	PORTC_PCR4	---	Memory	0x4004b010	4	readWrite	strong	
Factory	PORTC_PCR5	---	Memory	0x4004b014	4	readWrite	strong	
Factory	PORTC_PCR6	---	Memory	0x4004b018	4	readWrite	strong	
Factory	PORTC_PCR7	---	Memory	0x4004b01c	4	readWrite	strong	
Factory	PORTC_PCR8	---	Memory	0x4004b020	4	readWrite	strong	
Factory	PORTC_PCR9	---	Memory	0x4004b024	4	readWrite	strong	
Factory	PORTC_PCR10	---	Memory	0x4004b028	4	readWrite	strong	
Factory	PORTC_PCR11	---	Memory	0x4004b02c	4	readWrite	strong	
Factory	PORTC_PCR12	---	Memory	0x4004b030	4	readWrite	strong	
Factory	PORTC_PCR13	---	Memory	0x4004b034	4	readWrite	strong	
Factory	PORTC_PCR14	---	Memory	0x4004b038	4	readWrite	strong	
Factory	PORTC_PCR15	---	Memory	0x4004b03c	4	readWrite	strong	
Factory	PORTC_PCR16	---	Memory	0x4004b040	4	readWrite	strong	
Factory	PORTC_PCR17	---	Memory	0x4004b044	4	readWrite	strong	
Factory	PORTC_PCR18	---	Memory	0x4004b048	4	readWrite	strong	
Factory	PORTC_PCR19	---	Memory	0x4004b04c	4	readWrite	strong	
Factory	PORTC_PCR20	---	Memory	0x4004b050	4	readWrite	strong	
Factory	PORTC_PCR21	---	Memory	0x4004b054	4	readWrite	strong	
Factory	PORTC_PCR22	---	Memory	0x4004b058	4	readWrite	strong	
Factory	PORTC_PCR23	---	Memory	0x4004b05c	4	readWrite	strong	
Factory	PORTC_PCR24	---	Memory	0x4004b060	4	readWrite	strong	
Factory	PORTC_PCR25	---	Memory	0x4004b064	4	readWrite	strong	
Factory	PORTC_PCR26	---	Memory	0x4004b068	4	readWrite	strong	
Factory	PORTC_PCR27	---	Memory	0x4004b06c	4	readWrite	strong	
Factory	PORTC_PCR28	---	Memory	0x4004b070	4	readWrite	strong	
Factory	PORTC_PCR29	---	Memory	0x4004b074	4	readWrite	strong	
Factory	PORTC_PCR30	---	Memory	0x4004b078	4	readWrite	strong	
Factory	PORTC_PCR31	---	Memory	0x4004b07c	4	readWrite	strong	
Factory	PORTC_GPCLR	---	Memory	0x4004b080	4	writeOnly	strong	
Factory	PORTC_GPCHR	---	Memory	0x4004b084	4	writeOnly	strong	
Factory	PORTC_ISFR	---	Memory	0x4004b0a0	4	readWrite	strong	
Factory	PORTD_PCR0	0x5	Memory	0x4004c000	4	readWrite	strong	
Factory	PORTD_PCR1	0x5	Memory	0x4004c004	4	readWrite	strong	
Factory	PORTD_PCR2	0x5	Memory	0x4004c008	4	readWrite	strong	
Factory	PORTD_PCR3	0x5	Memory	0x4004c00c	4	readWrite	strong	
Factory	PORTD_PCR4	0x1	Memory	0x4004c010	4	readWrite	strong	
Factory	PORTD_PCR5	0x1	Memory	0x4004c014	4	readWrite	strong	
Factory	PORTD_PCR6	0x1	Memory	0x4004c018	4	readWrite	strong	
Factory	PORTD_PCR7	0x1	Memory	0x4004c01c	4	readWrite	strong	
Factory	PORTD_PCR8	0x0	Memory	0x4004c020	4	readWrite	strong	
Factory	PORTD_PCR9	0x0	Memory	0x4004c024	4	readWrite	strong	
Factory	PORTD_PCR10	0x0	Memory	0x4004c028	4	readWrite	strong	
Factory	PORTD_PCR11	0x0	Memory	0x4004c02c	4	readWrite	strong	
Factory	PORTD_PCR12	0x0	Memory	0x4004c030	4	readWrite	strong	
Factory	PORTD_PCR13	0x0	Memory	0x4004c034	4	readWrite	strong	
Factory	PORTD_PCR14	0x0	Memory	0x4004c038	4	readWrite	strong	
Factory	PORTD_PCR15	0x0	Memory	0x4004c03c	4	readWrite	strong	
Factory	PORTD_PCR16	0x0	Memory	0x4004c040	4	readWrite	strong	
Factory	PORTD_PCR17	0x0	Memory	0x4004c044	4	readWrite	strong	
Factory	PORTD_PCR18	0x0	Memory	0x4004c048	4	readWrite	strong	
Factory	PORTD_PCR19	0x0	Memory	0x4004c04c	4	readWrite	strong	
Factory	PORTD_PCR20	0x0	Memory	0x4004c050	4	readWrite	strong	
Factory	PORTD_PCR21	0x0	Memory	0x4004c054	4	readWrite	strong	
Factory	PORTD_PCR22	0x0	Memory	0x4004c058	4	readWrite	strong	
Factory	PORTD_PCR23	0x0	Memory	0x4004c05c	4	readWrite	strong	
Factory	PORTD_PCR24	0x0	Memory	0x4004c060	4	readWrite	strong	
Factory	PORTD_PCR25	0x0	Memory	0x4004c064	4	readWrite	strong	
Factory	PORTD_PCR26	0x0	Memory	0x4004c068	4	readWrite	strong	
Factory	PORTD_PCR27	0x0	Memory	0x4004c06c	4	readWrite	strong	
Factory	PORTD_PCR28	0x0	Memory	0x4004c070	4	readWrite	strong	
Factory	PORTD_PCR29	0x0	Memory	0x4004c074	4	readWrite	strong	
Factory	PORTD_PCR30	0x0	Memory	0x4004c078	4	readWrite	strong	
Factory	PORTD_PCR31	0x0	Memory	0x4004c07c	4	readWrite	strong	
Factory	PORTD_GPCLR	0x0	Memory	0x4004c080	4	writeOnly	strong	
Factory	PORTD_GPCHR	0x0	Memory	0x4004c084	4	writeOnly	strong	
Factory	PORTD_ISFR	0x0	Memory	0x4004c0a0	4	readWrite	strong	
Factory	PORTE_PCR0	0x5	Memory	0x4004d000	4	readWrite	strong	
Factory	PORTE_PCR1	0x5	Memory	0x4004d004	4	readWrite	strong	
Factory	PORTE_PCR2	0x5	Memory	0x4004d008	4	readWrite	strong	
Factory	PORTE_PCR3	0x5	Memory	0x4004d00c	4	readWrite	strong	
Factory	PORTE_PCR4	0x5	Memory	0x4004d010	4	readWrite	strong	
Factory	PORTE_PCR5	0x5	Memory	0x4004d014	4	readWrite	strong	
Factory	PORTE_PCR6	0x5	Memory	0x4004d018	4	readWrite	strong	
Factory	PORTE_PCR7	0x0	Memory	0x4004d01c	4	readWrite	strong	
Factory	PORTE_PCR8	0x0	Memory	0x4004d020	4	readWrite	strong	
Factory	PORTE_PCR9	0x0	Memory	0x4004d024	4	readWrite	strong	
Factory	PORTE_PCR10	0x0	Memory	0x4004d028	4	readWrite	strong	
Factory	PORTE_PCR11	0x0	Memory	0x4004d02c	4	readWrite	strong	
Factory	PORTE_PCR12	0x0	Memory	0x4004d030	4	readWrite	strong	
Factory	PORTE_PCR13	0x0	Memory	0x4004d034	4	readWrite	strong	
Factory	PORTE_PCR14	0x0	Memory	0x4004d038	4	readWrite	strong	
Factory	PORTE_PCR15	0x0	Memory	0x4004d03c	4	readWrite	strong	
Factory	PORTE_PCR16	0x1	Memory	0x4004d040	4	readWrite	strong	
Factory	PORTE_PCR17	0x1	Memory	0x4004d044	4	readWrite	strong	
Factory	PORTE_PCR18	0x1	Memory	0x4004d048	4	readWrite	strong	
Factory	PORTE_PCR19	0x1	Memory	0x4004d04c	4	readWrite	strong	
Factory	PORTE_PCR20	0x5	Memory	0x4004d050	4	readWrite	strong	
Factory	PORTE_PCR21	0x5	Memory	0x4004d054	4	readWrite	strong	
Factory	PORTE_PCR22	0x5	Memory	0x4004d058	4	readWrite	strong	
Factory	PORTE_PCR23	0x5	Memory	0x4004d05c	4	readWrite	strong	
Factory	PORTE_PCR24	0x5	Memory	0x4004d060	4	readWrite	strong	
Factory	PORTE_PCR25	0x5	Memory	0x4004d064	4	readWrite	strong	
Factory	PORTE_PCR26	0x5	Memory	0x4004d068	4	readWrite	strong	
Factory	PORTE_PCR27	0x0	Memory	0x4004d06c	4	readWrite	strong	
Factory	PORTE_PCR28	0x0	Memory	0x4004d070	4	readWrite	strong	
Factory	PORTE_PCR29	0x105	Memory	0x4004d074	4	readWrite	strong	
Factory	PORTE_PCR30	0x5	Memory	0x4004d078	4	readWrite	strong	
Factory	PORTE_PCR31	0x5	Memory	0x4004d07c	4	readWrite	strong	
Factory	PORTE_GPCLR	0x0	Memory	0x4004d080	4	writeOnly	strong	
Factory	PORTE_GPCHR	0x0	Memory	0x4004d084	4	writeOnly	strong	
Factory	PORTE_ISFR	0x0	Memory	0x4004d0a0	4	readWrite	strong	
Factory	LCD_GCR	---	Memory	0x40053000	4	readWrite	strong	
Factory	LCD_AR	---	Memory	0x40053004	4	readWrite	strong	
Factory	LCD_FDCR	---	Memory	0x40053008	4	readWrite	strong	
Factory	LCD_FDSR	---	Memory	0x4005300c	4	readWrite	strong	
Factory	LCD_PENL	---	Memory	0x40053010	4	readWrite	strong	
Factory	LCD_PENH	---	Memory	0x40053014	4	readWrite	strong	
Factory	LCD_BPENL	---	Memory	0x40053018	4	readWrite	strong	
Factory	LCD_BPENH	---	Memory	0x4005301c	4	readWrite	strong	
Factory	LCD_WF3TO0_LCD	---	Memory	0x40053020	4	readWrite	strong	
Factory	LCD_WF0_LCD	---	Memory	0x40053020	1	readWrite	strong	
Factory	LCD_WF1	---	Memory	0x40053021	1	readWrite	strong	
Factory	LCD_WF2	---	Memory	0x40053022	1	readWrite	strong	
Factory	LCD_WF3	---	Memory	0x40053023	1	readWrite	strong	
Factory	LCD_WF4_LCD	---	Memory	0x40053024	1	readWrite	strong	
Factory	LCD_WF7TO4_LCD	---	Memory	0x40053024	4	readWrite	strong	
Factory	LCD_WF5	---	Memory	0x40053025	1	readWrite	strong	
Factory	LCD_WF6	---	Memory	0x40053026	1	readWrite	strong	
Factory	LCD_WF7	---	Memory	0x40053027	1	readWrite	strong	
Factory	LCD_WF11TO8_LCD	---	Memory	0x40053028	4	readWrite	strong	
Factory	LCD_WF8_LCD	---	Memory	0x40053028	1	readWrite	strong	
Factory	LCD_WF9	---	Memory	0x40053029	1	readWrite	strong	
Factory	LCD_WF10	---	Memory	0x4005302a	1	readWrite	strong	
Factory	LCD_WF11	---	Memory	0x4005302b	1	readWrite	strong	
Factory	LCD_WF15TO12_LCD	---	Memory	0x4005302c	4	readWrite	strong	
Factory	LCD_WF12_LCD	---	Memory	0x4005302c	1	readWrite	strong	
Factory	LCD_WF13	---	Memory	0x4005302d	1	readWrite	strong	
Factory	LCD_WF14	---	Memory	0x4005302e	1	readWrite	strong	
Factory	LCD_WF15	---	Memory	0x4005302f	1	readWrite	strong	
Factory	LCD_WF16_LCD	---	Memory	0x40053030	1	readWrite	strong	
Factory	LCD_WF19TO16_LCD	---	Memory	0x40053030	4	readWrite	strong	
Factory	LCD_WF17	---	Memory	0x40053031	1	readWrite	strong	
Factory	LCD_WF18	---	Memory	0x40053032	1	readWrite	strong	
Factory	LCD_WF19	---	Memory	0x40053033	1	readWrite	strong	
Factory	LCD_WF20_LCD	---	Memory	0x40053034	1	readWrite	strong	
Factory	LCD_WF23TO20_LCD	---	Memory	0x40053034	4	readWrite	strong	
Factory	LCD_WF21	---	Memory	0x40053035	1	readWrite	strong	
Factory	LCD_WF22	---	Memory	0x40053036	1	readWrite	strong	
Factory	LCD_WF23	---	Memory	0x40053037	1	readWrite	strong	
Factory	LCD_WF27TO24_LCD	---	Memory	0x40053038	4	readWrite	strong	
Factory	LCD_WF24_LCD	---	Memory	0x40053038	1	readWrite	strong	
Factory	LCD_WF25	---	Memory	0x40053039	1	readWrite	strong	
Factory	LCD_WF26	---	Memory	0x4005303a	1	readWrite	strong	
Factory	LCD_WF27	---	Memory	0x4005303b	1	readWrite	strong	
Factory	LCD_WF31TO28_LCD	---	Memory	0x4005303c	4	readWrite	strong	
Factory	LCD_WF28_LCD	---	Memory	0x4005303c	1	readWrite	strong	
Factory	LCD_WF29	---	Memory	0x4005303d	1	readWrite	strong	
Factory	LCD_WF30	---	Memory	0x4005303e	1	readWrite	strong	
Factory	LCD_WF31	---	Memory	0x4005303f	1	readWrite	strong	
Factory	LCD_WF32_LCD	---	Memory	0x40053040	1	readWrite	strong	
Factory	LCD_WF35TO32_LCD	---	Memory	0x40053040	4	readWrite	strong	
Factory	LCD_WF33	---	Memory	0x40053041	1	readWrite	strong	
Factory	LCD_WF34	---	Memory	0x40053042	1	readWrite	strong	
Factory	LCD_WF35	---	Memory	0x40053043	1	readWrite	strong	
Factory	LCD_WF39TO36_LCD	---	Memory	0x40053044	4	readWrite	strong	
Factory	LCD_WF36_LCD	---	Memory	0x40053044	1	readWrite	strong	
Factory	LCD_WF37	---	Memory	0x40053045	1	readWrite	strong	
Factory	LCD_WF38	---	Memory	0x40053046	1	readWrite	strong	
Factory	LCD_WF39	---	Memory	0x40053047	1	readWrite	strong	
Factory	LCD_WF43TO40_LCD	---	Memory	0x40053048	4	readWrite	strong	
Factory	LCD_WF40_LCD	---	Memory	0x40053048	1	readWrite	strong	
Factory	LCD_WF41	---	Memory	0x40053049	1	readWrite	strong	
Factory	LCD_WF42	---	Memory	0x4005304a	1	readWrite	strong	
Factory	LCD_WF43	---	Memory	0x4005304b	1	readWrite	strong	
Factory	LCD_WF44_LCD	---	Memory	0x4005304c	1	readWrite	strong	
Factory	LCD_WF47TO44_LCD	---	Memory	0x4005304c	4	readWrite	strong	
Factory	LCD_WF45	---	Memory	0x4005304d	1	readWrite	strong	
Factory	LCD_WF46	---	Memory	0x4005304e	1	readWrite	strong	
Factory	LCD_WF47	---	Memory	0x4005304f	1	readWrite	strong	
Factory	LCD_WF48_LCD	---	Memory	0x40053050	1	readWrite	strong	
Factory	LCD_WF51TO48_LCD	---	Memory	0x40053050	4	readWrite	strong	
Factory	LCD_WF49	---	Memory	0x40053051	1	readWrite	strong	
Factory	LCD_WF50	---	Memory	0x40053052	1	readWrite	strong	
Factory	LCD_WF51	---	Memory	0x40053053	1	readWrite	strong	
Factory	LCD_WF55TO52_LCD	---	Memory	0x40053054	4	readWrite	strong	
Factory	LCD_WF52_LCD	---	Memory	0x40053054	1	readWrite	strong	
Factory	LCD_WF53	---	Memory	0x40053055	1	readWrite	strong	
Factory	LCD_WF54	---	Memory	0x40053056	1	readWrite	strong	
Factory	LCD_WF55	---	Memory	0x40053057	1	readWrite	strong	
Factory	LCD_WF56_LCD	---	Memory	0x40053058	1	readWrite	strong	
Factory	LCD_WF59TO56_LCD	---	Memory	0x40053058	4	readWrite	strong	
Factory	LCD_WF57	---	Memory	0x40053059	1	readWrite	strong	
Factory	LCD_WF58	---	Memory	0x4005305a	1	readWrite	strong	
Factory	LCD_WF59	---	Memory	0x4005305b	1	readWrite	strong	
Factory	LCD_WF60_LCD	---	Memory	0x4005305c	1	readWrite	strong	
Factory	LCD_WF63TO60_LCD	---	Memory	0x4005305c	4	readWrite	strong	
Factory	LCD_WF61	---	Memory	0x4005305d	1	readWrite	strong	
Factory	LCD_WF62	---	Memory	0x4005305e	1	readWrite	strong	
Factory	LCD_WF63	---	Memory	0x4005305f	1	readWrite	strong	
Factory	MCG_C1	0x4	Memory	0x40064000	1	readWrite	strong	
Factory	MCG_C2	0xc0	Memory	0x40064001	1	readWrite	strong	
Factory	MCG_C3	0x75	Memory	0x40064002	1	readWrite	strong	
Factory	MCG_C4	0xc	Memory	0x40064003	1	readWrite	strong	
Factory	MCG_C5	0x0	Memory	0x40064004	1	readWrite	strong	
Factory	MCG_C6	0x0	Memory	0x40064005	1	readWrite	strong	
Factory	MCG_S	0x10	Memory	0x40064006	1	readOnly	strong	
Factory	MCG_SC	0x2	Memory	0x40064008	1	readWrite	strong	
Factory	MCG_ATCVH	0x0	Memory	0x4006400a	1	readWrite	strong	
Factory	MCG_ATCVL	0x0	Memory	0x4006400b	1	readWrite	strong	
Factory	MCG_C7	0x0	Memory	0x4006400c	1	readOnly	strong	
Factory	MCG_C8	0x80	Memory	0x4006400d	1	readWrite	strong	
Factory	MCG_C9	0x0	Memory	0x4006400e	1	readOnly	strong	
Factory	MCG_C10	0x0	Memory	0x4006400f	1	readOnly	strong	
Factory	OSC0_CR	0x0	Memory	0x40065000	1	readWrite	strong	
Factory	I2C0_A1	---	Memory	0x40066000	1	readWrite	strong	
Factory	I2C0_F	---	Memory	0x40066001	1	readWrite	strong	
Factory	I2C0_C1	---	Memory	0x40066002	1	readWrite	strong	
Factory	I2C0_S	---	Memory	0x40066003	1	readWrite	strong	
Factory	I2C0_D	---	Memory	0x40066004	1	readWrite	strong	
Factory	I2C0_C2	---	Memory	0x40066005	1	readWrite	strong	
Factory	I2C0_FLT	---	Memory	0x40066006	1	readWrite	strong	
Factory	I2C0_RA	---	Memory	0x40066007	1	readWrite	strong	
Factory	I2C0_SMB	---	Memory	0x40066008	1	readWrite	strong	
Factory	I2C0_A2	---	Memory	0x40066009	1	readWrite	strong	
Factory	I2C0_SLTH	---	Memory	0x4006600a	1	readWrite	strong	
Factory	I2C0_SLTL	---	Memory	0x4006600b	1	readWrite	strong	
Factory	I2C1_A1	---	Memory	0x40067000	1	readWrite	strong	
Factory	I2C1_F	---	Memory	0x40067001	1	readWrite	strong	
Factory	I2C1_C1	---	Memory	0x40067002	1	readWrite	strong	
Factory	I2C1_S	---	Memory	0x40067003	1	readWrite	strong	
Factory	I2C1_D	---	Memory	0x40067004	1	readWrite	strong	
Factory	I2C1_C2	---	Memory	0x40067005	1	readWrite	strong	
Factory	I2C1_FLT	---	Memory	0x40067006	1	readWrite	strong	
Factory	I2C1_RA	---	Memory	0x40067007	1	readWrite	strong	
Factory	I2C1_SMB	---	Memory	0x40067008	1	readWrite	strong	
Factory	I2C1_A2	---	Memory	0x40067009	1	readWrite	strong	
Factory	I2C1_SLTH	---	Memory	0x4006700a	1	readWrite	strong	
Factory	I2C1_SLTL	---	Memory	0x4006700b	1	readWrite	strong	
Factory	UART0_BDH	---	Memory	0x4006a000	1	readWrite	strong	
Factory	UART0_BDL	---	Memory	0x4006a001	1	readWrite	strong	
Factory	UART0_C1	---	Memory	0x4006a002	1	readWrite	strong	
Factory	UART0_C2	---	Memory	0x4006a003	1	readWrite	strong	
Factory	UART0_S1	---	Memory	0x4006a004	1	readWrite	strong	
Factory	UART0_S2	---	Memory	0x4006a005	1	readWrite	strong	
Factory	UART0_C3	---	Memory	0x4006a006	1	readWrite	strong	
Factory	UART0_D	---	Memory	0x4006a007	1	readWrite	strong	
Factory	UART0_MA1	---	Memory	0x4006a008	1	readWrite	strong	
Factory	UART0_MA2	---	Memory	0x4006a009	1	readWrite	strong	
Factory	UART0_C4	---	Memory	0x4006a00a	1	readWrite	strong	
Factory	UART0_C5	---	Memory	0x4006a00b	1	readWrite	strong	
Factory	UART1_BDH	---	Memory	0x4006b000	1	readWrite	strong	
Factory	UART1_BDL	---	Memory	0x4006b001	1	readWrite	strong	
Factory	UART1_C1	---	Memory	0x4006b002	1	readWrite	strong	
Factory	UART1_C2	---	Memory	0x4006b003	1	readWrite	strong	
Factory	UART1_S1	---	Memory	0x4006b004	1	readOnly	strong	
Factory	UART1_S2	---	Memory	0x4006b005	1	readWrite	strong	
Factory	UART1_C3	---	Memory	0x4006b006	1	readWrite	strong	
Factory	UART1_D	---	Memory	0x4006b007	1	readWrite	strong	
Factory	UART1_C4	---	Memory	0x4006b008	1	readWrite	strong	
Factory	UART2_BDH	---	Memory	0x4006c000	1	readWrite	strong	
Factory	UART2_BDL	---	Memory	0x4006c001	1	readWrite	strong	
Factory	UART2_C1	---	Memory	0x4006c002	1	readWrite	strong	
Factory	UART2_C2	---	Memory	0x4006c003	1	readWrite	strong	
Factory	UART2_S1	---	Memory	0x4006c004	1	readOnly	strong	
Factory	UART2_S2	---	Memory	0x4006c005	1	readWrite	strong	
Factory	UART2_C3	---	Memory	0x4006c006	1	readWrite	strong	
Factory	UART2_D	---	Memory	0x4006c007	1	readWrite	strong	
Factory	UART2_C4	---	Memory	0x4006c008	1	readWrite	strong	
Factory	USB0_PERID	---	Memory	0x40072000	1	readOnly	strong	
Factory	USB0_IDCOMP	---	Memory	0x40072004	1	readOnly	strong	
Factory	USB0_REV	---	Memory	0x40072008	1	readOnly	strong	
Factory	USB0_ADDINFO	---	Memory	0x4007200c	1	readOnly	strong	
Factory	USB0_OTGISTAT	---	Memory	0x40072010	1	readWrite	strong	
Factory	USB0_OTGICR	---	Memory	0x40072014	1	readWrite	strong	
Factory	USB0_OTGSTAT	---	Memory	0x40072018	1	readWrite	strong	
Factory	USB0_OTGCTL	---	Memory	0x4007201c	1	readWrite	strong	
Factory	USB0_ISTAT	---	Memory	0x40072080	1	readWrite	strong	
Factory	USB0_INTEN	---	Memory	0x40072084	1	readWrite	strong	
Factory	USB0_ERRSTAT	---	Memory	0x40072088	1	readWrite	strong	
Factory	USB0_ERREN	---	Memory	0x4007208c	1	readWrite	strong	
Factory	USB0_STAT	---	Memory	0x40072090	1	readOnly	strong	
Factory	USB0_CTL	---	Memory	0x40072094	1	readWrite	strong	
Factory	USB0_ADDR	---	Memory	0x40072098	1	readWrite	strong	
Factory	USB0_BDTPAGE1	---	Memory	0x4007209c	1	readWrite	strong	
Factory	USB0_FRMNUML	---	Memory	0x400720a0	1	readWrite	strong	
Factory	USB0_FRMNUMH	---	Memory	0x400720a4	1	readWrite	strong	
Factory	USB0_TOKEN	---	Memory	0x400720a8	1	readWrite	strong	
Factory	USB0_SOFTHLD	---	Memory	0x400720ac	1	readWrite	strong	
Factory	USB0_BDTPAGE2	---	Memory	0x400720b0	1	readWrite	strong	
Factory	USB0_BDTPAGE3	---	Memory	0x400720b4	1	readWrite	strong	
Factory	USB0_ENDPT0	---	Memory	0x400720c0	1	readWrite	strong	
Factory	USB0_ENDPT1	---	Memory	0x400720c4	1	readWrite	strong	
Factory	USB0_ENDPT2	---	Memory	0x400720c8	1	readWrite	strong	
Factory	USB0_ENDPT3	---	Memory	0x400720cc	1	readWrite	strong	
Factory	USB0_ENDPT4	---	Memory	0x400720d0	1	readWrite	strong	
Factory	USB0_ENDPT5	---	Memory	0x400720d4	1	readWrite	strong	
Factory	USB0_ENDPT6	---	Memory	0x400720d8	1	readWrite	strong	
Factory	USB0_ENDPT7	---	Memory	0x400720dc	1	readWrite	strong	
Factory	USB0_ENDPT8	---	Memory	0x400720e0	1	readWrite	strong	
Factory	USB0_ENDPT9	---	Memory	0x400720e4	1	readWrite	strong	
Factory	USB0_ENDPT10	---	Memory	0x400720e8	1	readWrite	strong	
Factory	USB0_ENDPT11	---	Memory	0x400720ec	1	readWrite	strong	
Factory	USB0_ENDPT12	---	Memory	0x400720f0	1	readWrite	strong	
Factory	USB0_ENDPT13	---	Memory	0x400720f4	1	readWrite	strong	
Factory	USB0_ENDPT14	---	Memory	0x400720f8	1	readWrite	strong	
Factory	USB0_ENDPT15	---	Memory	0x400720fc	1	readWrite	strong	
Factory	USB0_USBCTRL	---	Memory	0x40072100	1	readWrite	strong	
Factory	USB0_OBSERVE	---	Memory	0x40072104	1	readOnly	strong	
Factory	USB0_CONTROL	---	Memory	0x40072108	1	readWrite	strong	
Factory	USB0_USBTRC0	---	Memory	0x4007210c	1	readWrite	strong	
Factory	USB0_USBFRMADJUST	---	Memory	0x40072114	1	readWrite	strong	
Factory	CMP0_CR0	---	Memory	0x40073000	1	readWrite	strong	
Factory	CMP0_CR1	---	Memory	0x40073001	1	readWrite	strong	
Factory	CMP0_FPR	---	Memory	0x40073002	1	readWrite	strong	
Factory	CMP0_SCR	---	Memory	0x40073003	1	readWrite	strong	
Factory	CMP0_DACCR	---	Memory	0x40073004	1	readWrite	strong	
Factory	CMP0_MUXCR	---	Memory	0x40073005	1	readWrite	strong	
Factory	SPI0_S	---	Memory	0x40076000	1	readOnly	strong	
Factory	SPI0_BR	---	Memory	0x40076001	1	readWrite	strong	
Factory	SPI0_C2	---	Memory	0x40076002	1	readWrite	strong	
Factory	SPI0_C1	---	Memory	0x40076003	1	readWrite	strong	
Factory	SPI0_ML	---	Memory	0x40076004	1	readWrite	strong	
Factory	SPI0_MH	---	Memory	0x40076005	1	readWrite	strong	
Factory	SPI0_DL	---	Memory	0x40076006	1	readWrite	strong	
Factory	SPI0_DH	---	Memory	0x40076007	1	readWrite	strong	
Factory	SPI1_S	---	Memory	0x40077000	1	readOnly	strong	
Factory	SPI1_BR	---	Memory	0x40077001	1	readWrite	strong	
Factory	SPI1_C2	---	Memory	0x40077002	1	readWrite	strong	
Factory	SPI1_C1	---	Memory	0x40077003	1	readWrite	strong	
Factory	SPI1_ML	---	Memory	0x40077004	1	readWrite	strong	
Factory	SPI1_MH	---	Memory	0x40077005	1	readWrite	strong	
Factory	SPI1_DL	---	Memory	0x40077006	1	readWrite	strong	
Factory	SPI1_DH	---	Memory	0x40077007	1	readWrite	strong	
Factory	SPI1_CI	---	Memory	0x4007700a	1	readWrite	strong	
Factory	SPI1_C3	---	Memory	0x4007700b	1	readWrite	strong	
Factory	LLWU_PE1	0x0	Memory	0x4007c000	1	readWrite	strong	
Factory	LLWU_PE2	0x0	Memory	0x4007c001	1	readWrite	strong	
Factory	LLWU_PE3	0x0	Memory	0x4007c002	1	readWrite	strong	
Factory	LLWU_PE4	0x0	Memory	0x4007c003	1	readWrite	strong	
Factory	LLWU_ME	0x0	Memory	0x4007c004	1	readWrite	strong	
Factory	LLWU_F1	0x0	Memory	0x4007c005	1	readWrite	strong	
Factory	LLWU_F2	0x0	Memory	0x4007c006	1	readWrite	strong	
Factory	LLWU_F3	0x0	Memory	0x4007c007	1	readOnly	strong	
Factory	LLWU_FILT1	0x0	Memory	0x4007c008	1	readWrite	strong	
Factory	LLWU_FILT2	0x0	Memory	0x4007c009	1	readWrite	strong	
Factory	PMC_LVDSC1	0x10	Memory	0x4007d000	1	readWrite	strong	
Factory	PMC_LVDSC2	0x0	Memory	0x4007d001	1	readWrite	strong	
Factory	PMC_REGSC	0x4	Memory	0x4007d002	1	readWrite	strong	
Factory	SMC_PMPROT	0x0	Memory	0x4007e000	1	readWrite	strong	
Factory	SMC_PMCTRL	0x0	Memory	0x4007e001	1	readWrite	strong	
Factory	SMC_STOPCTRL	0x3	Memory	0x4007e002	1	readWrite	strong	
Factory	SMC_PMSTAT	0x1	Memory	0x4007e003	1	readOnly	strong	
Factory	RCM_SRS0	0x0	Memory	0x4007f000	1	readOnly	strong	
Factory	RCM_SRS1	0x4	Memory	0x4007f001	1	readOnly	strong	
Factory	RCM_RPFC	0x0	Memory	0x4007f004	1	readWrite	strong	
Factory	RCM_RPFW	0x0	Memory	0x4007f005	1	readWrite	strong	
Factory	GPIOA_PDOR	0x0	Memory	0x400ff000	4	readWrite	strong	
Factory	GPIOA_PSOR	0x0	Memory	0x400ff004	4	writeOnly	strong	
Factory	GPIOA_PCOR	0x0	Memory	0x400ff008	4	writeOnly	strong	
Factory	GPIOA_PTOR	0x0	Memory	0x400ff00c	4	writeOnly	strong	
Factory	GPIOA_PDIR	0x0	Memory	0x400ff010	4	readOnly	strong	
Factory	GPIOA_PDDR	0x0	Memory	0x400ff014	4	readWrite	strong	
Factory	GPIOB_PDOR	0x0	Memory	0x400ff040	4	readWrite	strong	
Factory	GPIOB_PSOR	0x0	Memory	0x400ff044	4	writeOnly	strong	
Factory	GPIOB_PCOR	0x0	Memory	0x400ff048	4	writeOnly	strong	
Factory	GPIOB_PTOR	0x0	Memory	0x400ff04c	4	writeOnly	strong	
Factory	GPIOB_PDIR	0x0	Memory	0x400ff050	4	readOnly	strong	
Factory	GPIOB_PDDR	0x0	Memory	0x400ff054	4	readWrite	strong	
Factory	GPIOC_PDOR	0x0	Memory	0x400ff080	4	readWrite	strong	
Factory	GPIOC_PSOR	0x0	Memory	0x400ff084	4	writeOnly	strong	
Factory	GPIOC_PCOR	0x0	Memory	0x400ff088	4	writeOnly	strong	
Factory	GPIOC_PTOR	0x0	Memory	0x400ff08c	4	writeOnly	strong	
Factory	GPIOC_PDIR	0x0	Memory	0x400ff090	4	readOnly	strong	
Factory	GPIOC_PDDR	0x0	Memory	0x400ff094	4	readWrite	strong	
Factory	GPIOD_PDOR	0x0	Memory	0x400ff0c0	4	readWrite	strong	
Factory	GPIOD_PSOR	0x0	Memory	0x400ff0c4	4	writeOnly	strong	
Factory	GPIOD_PCOR	0x0	Memory	0x400ff0c8	4	writeOnly	strong	
Factory	GPIOD_PTOR	0x0	Memory	0x400ff0cc	4	writeOnly	strong	
Factory	GPIOD_PDIR	0x0	Memory	0x400ff0d0	4	readOnly	strong	
Factory	GPIOD_PDDR	0x0	Memory	0x400ff0d4	4	readWrite	strong	
Factory	GPIOE_PDOR	0x20000000	Memory	0x400ff100	4	readWrite	strong	
Factory	GPIOE_PSOR	0x0	Memory	0x400ff104	4	writeOnly	strong	
Factory	GPIOE_PCOR	0x0	Memory	0x400ff108	4	writeOnly	strong	
Factory	GPIOE_PTOR	0x0	Memory	0x400ff10c	4	writeOnly	strong	
Factory	GPIOE_PDIR	0x20000000	Memory	0x400ff110	4	readOnly	strong	
Factory	GPIOE_PDDR	0x20000000	Memory	0x400ff114	4	readWrite	strong	
Factory	MTB_POSITION	0x5ffc	Memory	0xf0000000	4	readWrite	strong	
Factory	MTB_MASTER	0x9f	Memory	0xf0000004	4	readWrite	strong	
Factory	MTB_FLOW	0x7ff8	Memory	0xf0000008	4	readWrite	strong	
Factory	MTB_BASE	0x1fffe000	Memory	0xf000000c	4	readOnly	strong	
Factory	MTB_MODECTRL	0x0	Memory	0xf0000f00	4	readOnly	strong	
Factory	MTB_TAGSET	0x0	Memory	0xf0000fa0	4	readOnly	strong	
Factory	MTB_TAGCLEAR	0x0	Memory	0xf0000fa4	4	readOnly	strong	
Factory	MTB_LOCKACCESS	0x0	Memory	0xf0000fb0	4	readOnly	strong	
Factory	MTB_LOCKSTAT	0x0	Memory	0xf0000fb4	4	readOnly	strong	
Factory	MTB_AUTHSTAT	0xf	Memory	0xf0000fb8	4	readOnly	strong	
Factory	MTB_DEVICEARCH	0x47700a31	Memory	0xf0000fbc	4	readOnly	strong	
Factory	MTB_DEVICECFG	0x0	Memory	0xf0000fc8	4	readOnly	strong	
Factory	MTB_DEVICETYPID	0x31	Memory	0xf0000fcc	4	readOnly	strong	
Factory	MTB_PERIPHID4	0x4	Memory	0xf0000fd0	4	readOnly	strong	
Factory	MTB_PERIPHID5	0x0	Memory	0xf0000fd4	4	readOnly	strong	
Factory	MTB_PERIPHID6	0x0	Memory	0xf0000fd8	4	readOnly	strong	
Factory	MTB_PERIPHID7	0x0	Memory	0xf0000fdc	4	readOnly	strong	
Factory	MTB_PERIPHID0	0x32	Memory	0xf0000fe0	4	readOnly	strong	
Factory	MTB_PERIPHID1	0xb9	Memory	0xf0000fe4	4	readOnly	strong	
Factory	MTB_PERIPHID2	0xb	Memory	0xf0000fe8	4	readOnly	strong	
Factory	MTB_PERIPHID3	0x0	Memory	0xf0000fec	4	readOnly	strong	
Factory	MTB_COMPID0	0xd	Memory	0xf0000ff0	4	readOnly	strong	
Factory	MTB_COMPID1	0x90	Memory	0xf0000ff4	4	readOnly	strong	
Factory	MTB_COMPID2	0x5	Memory	0xf0000ff8	4	readOnly	strong	
Factory	MTB_COMPID3	0xb1	Memory	0xf0000ffc	4	readOnly	strong	
Factory	MTBDWT_CTRL	0x2f000000	Memory	0xf0001000	4	readOnly	strong	
Factory	MTBDWT_COMP0	0x0	Memory	0xf0001020	4	readWrite	strong	
Factory	MTBDWT_COMP1	0x0	Memory	0xf0001030	4	readWrite	strong	
Factory	MTBDWT_MASK0	0x0	Memory	0xf0001024	4	readWrite	strong	
Factory	MTBDWT_MASK1	0x0	Memory	0xf0001034	4	readWrite	strong	
Factory	MTBDWT_FCT0	0x0	Memory	0xf0001028	4	readWrite	strong	
Factory	MTBDWT_FCT1	0x0	Memory	0xf0001038	4	readWrite	strong	
Factory	MTBDWT_TBCTRL	0x20000000	Memory	0xf0001200	4	readWrite	strong	
Factory	MTBDWT_DEVICECFG	0x0	Memory	0xf0001fc8	4	readOnly	strong	
Factory	MTBDWT_DEVICETYPID	0x4	Memory	0xf0001fcc	4	readOnly	strong	
Factory	MTBDWT_PERIPHID4	0x0	Memory	0xf0001fd0	4	readOnly	strong	
Factory	MTBDWT_PERIPHID5	0x0	Memory	0xf0001fd4	4	readOnly	strong	
Factory	MTBDWT_PERIPHID6	0x0	Memory	0xf0001fd8	4	readOnly	strong	
Factory	MTBDWT_PERIPHID7	0x0	Memory	0xf0001fdc	4	readOnly	strong	
Factory	MTBDWT_PERIPHID0	0x0	Memory	0xf0001fe0	4	readOnly	strong	
Factory	MTBDWT_PERIPHID1	0xe0	Memory	0xf0001fe4	4	readOnly	strong	
Factory	MTBDWT_PERIPHID2	0x8	Memory	0xf0001fe8	4	readOnly	strong	
Factory	MTBDWT_PERIPHID3	0x0	Memory	0xf0001fec	4	readOnly	strong	
Factory	MTBDWT_COMPID0	0xd	Memory	0xf0001ff0	4	readOnly	strong	
Factory	MTBDWT_COMPID1	0x90	Memory	0xf0001ff4	4	readOnly	strong	
Factory	MTBDWT_COMPID2	0x5	Memory	0xf0001ff8	4	readOnly	strong	
Factory	MTBDWT_COMPID3	0xb1	Memory	0xf0001ffc	4	readOnly	strong	
Factory	ROM_ENTRY0	0xffffe003	Memory	0xf0002000	4	readOnly	strong	
Factory	ROM_ENTRY1	0xfffff003	Memory	0xf0002004	4	readOnly	strong	
Factory	ROM_ENTRY2	0xf00fd003	Memory	0xf0002008	4	readOnly	strong	
Factory	ROM_TABLEMARK	0x0	Memory	0xf000200c	4	readOnly	strong	
Factory	ROM_SYSACCESS	0x1	Memory	0xf0002fcc	4	readOnly	strong	
Factory	ROM_PERIPHID4	0x0	Memory	0xf0002fd0	4	readOnly	strong	
Factory	ROM_PERIPHID5	0x0	Memory	0xf0002fd4	4	readOnly	strong	
Factory	ROM_PERIPHID6	0x0	Memory	0xf0002fd8	4	readOnly	strong	
Factory	ROM_PERIPHID7	0x0	Memory	0xf0002fdc	4	readOnly	strong	
Factory	ROM_PERIPHID0	0x0	Memory	0xf0002fe0	4	readOnly	strong	
Factory	ROM_PERIPHID1	0xe0	Memory	0xf0002fe4	4	readOnly	strong	
Factory	ROM_PERIPHID2	0x8	Memory	0xf0002fe8	4	readOnly	strong	
Factory	ROM_PERIPHID3	0x0	Memory	0xf0002fec	4	readOnly	strong	
Factory	ROM_COMPID0	0xd	Memory	0xf0002ff0	4	readOnly	strong	
Factory	ROM_COMPID1	0x10	Memory	0xf0002ff4	4	readOnly	strong	
Factory	ROM_COMPID2	0x5	Memory	0xf0002ff8	4	readOnly	strong	
Factory	ROM_COMPID3	0xb1	Memory	0xf0002ffc	4	readOnly	strong	
Factory	MCM_PLASC	0x7	Memory	0xf0003008	2	readOnly	strong	
Factory	MCM_PLAMC	0xd	Memory	0xf000300a	2	readOnly	strong	
Factory	MCM_PLACR	0x50	Memory	0xf000300c	4	readWrite	strong	
Factory	MCM_CPO	0x0	Memory	0xf0003040	4	readWrite	strong	
Factory	FGPIOA_PDOR	0x0	Memory	0xf80ff000	4	readWrite	strong	
Factory	FGPIOA_PSOR	0x0	Memory	0xf80ff004	4	writeOnly	strong	
Factory	FGPIOA_PCOR	0x0	Memory	0xf80ff008	4	writeOnly	strong	
Factory	FGPIOA_PTOR	0x0	Memory	0xf80ff00c	4	writeOnly	strong	
Factory	FGPIOA_PDIR	0x0	Memory	0xf80ff010	4	readOnly	strong	
Factory	FGPIOA_PDDR	0x0	Memory	0xf80ff014	4	readWrite	strong	
Factory	FGPIOB_PDOR	0x0	Memory	0xf80ff040	4	readWrite	strong	
Factory	FGPIOB_PSOR	0x0	Memory	0xf80ff044	4	writeOnly	strong	
Factory	FGPIOB_PCOR	0x0	Memory	0xf80ff048	4	writeOnly	strong	
Factory	FGPIOB_PTOR	0x0	Memory	0xf80ff04c	4	writeOnly	strong	
Factory	FGPIOB_PDIR	0x0	Memory	0xf80ff050	4	readOnly	strong	
Factory	FGPIOB_PDDR	0x0	Memory	0xf80ff054	4	readWrite	strong	
Factory	FGPIOC_PDOR	0x0	Memory	0xf80ff080	4	readWrite	strong	
Factory	FGPIOC_PSOR	0x0	Memory	0xf80ff084	4	writeOnly	strong	
Factory	FGPIOC_PCOR	0x0	Memory	0xf80ff088	4	writeOnly	strong	
Factory	FGPIOC_PTOR	0x0	Memory	0xf80ff08c	4	writeOnly	strong	
Factory	FGPIOC_PDIR	0x0	Memory	0xf80ff090	4	readOnly	strong	
Factory	FGPIOC_PDDR	0x0	Memory	0xf80ff094	4	readWrite	strong	
Factory	FGPIOD_PDOR	0x0	Memory	0xf80ff0c0	4	readWrite	strong	
Factory	FGPIOD_PSOR	0x0	Memory	0xf80ff0c4	4	writeOnly	strong	
Factory	FGPIOD_PCOR	0x0	Memory	0xf80ff0c8	4	writeOnly	strong	
Factory	FGPIOD_PTOR	0x0	Memory	0xf80ff0cc	4	writeOnly	strong	
Factory	FGPIOD_PDIR	0x0	Memory	0xf80ff0d0	4	readOnly	strong	
Factory	FGPIOD_PDDR	0x0	Memory	0xf80ff0d4	4	readWrite	strong	
Factory	FGPIOE_PDOR	0x20000000	Memory	0xf80ff100	4	readWrite	strong	
Factory	FGPIOE_PSOR	0x0	Memory	0xf80ff104	4	writeOnly	strong	
Factory	FGPIOE_PCOR	0x0	Memory	0xf80ff108	4	writeOnly	strong	
Factory	FGPIOE_PTOR	0x0	Memory	0xf80ff10c	4	writeOnly	strong	
Factory	FGPIOE_PDIR	0x20000000	Memory	0xf80ff110	4	readOnly	strong	
Factory	FGPIOE_PDDR	0x20000000	Memory	0xf80ff114	4	readWrite	strong	
Factory	SHCSR	0x0	Memory	0xe000ed24	4	readWrite	weak	
Factory	DFSR	0x3	Memory	0xe000ed30	4	readWrite	weak	
Factory	DHCSR	0x1030003	Memory	0xe000edf0	4	readWrite	weak	
Factory	DCRSR	0x0	Memory	0xe000edf4	4	writeOnly	weak	
Factory	DCRDR	0x0	Memory	0xe000edf8	4	readWrite	weak	
Factory	DEMCR	0x1000000	Memory	0xe000edfc	4	readWrite	weak	
Factory	BP_CTRL	0x21	Memory	0xe0002000	4	readWrite	weak	
Factory	BP_COMP0	0x800005a3	Memory	0xe0002008	4	readWrite	weak	
Factory	BP_COMP1	0x0	Memory	0xe000200c	4	readWrite	weak	
Factory	BP_COMP2	0x0	Memory	0xe0002010	4	readWrite	weak	
Factory	BP_COMP3	0x0	Memory	0xe0002014	4	readWrite	weak	
Factory	BP_PIDR4	0x4	Memory	0xe0002fd0	4	readOnly	weak	
Factory	BP_PIDR5	0x0	Memory	0xe0002fd4	4	readOnly	weak	
Factory	BP_PIDR6	0x0	Memory	0xe0002fd8	4	readOnly	weak	
Factory	BP_PIDR7	0x0	Memory	0xe0002fdc	4	readOnly	weak	
Factory	BP_PIDR0	0xb	Memory	0xe0002fe0	4	readOnly	weak	
Factory	BP_PIDR1	0xb0	Memory	0xe0002fe4	4	readOnly	weak	
Factory	BP_PIDR2	0xb	Memory	0xe0002fe8	4	readOnly	weak	
Factory	BP_PIDR3	0x0	Memory	0xe0002fec	4	readOnly	weak	
Factory	BP_CIDR0	0xd	Memory	0xe0002ff0	4	readOnly	weak	
Factory	BP_CIDR1	0xe0	Memory	0xe0002ff4	4	readOnly	weak	
Factory	BP_CIDR2	0x5	Memory	0xe0002ff8	4	readOnly	weak	
Factory	BP_CIDR3	0xb1	Memory	0xe0002ffc	4	readOnly	weak	
Factory	BP_LSR	0x0	Memory	0xe0002fb4	4	readOnly	weak	
Factory	BP_LAR	0x0	Memory	0xe0002fb0	4	writeOnly	weak	
Factory	DWT_CTRL	0x20000000	Memory	0xe0001000	4	readOnly	weak	
Factory	DWT_PCSR	0xffffffff	Memory	0xe000101c	4	readOnly	weak	
Factory	DWT_COMP0	0xfffffbbf	Memory	0xe0001020	4	readWrite	weak	
Factory	DWT_MASK0	0x1f	Memory	0xe0001024	4	readWrite	weak	
Factory	DWT_FUNCTION0	0x0	Memory	0xe0001028	4	readWrite	weak	
Factory	DWT_COMP1	0xffffffdd	Memory	0xe0001030	4	readWrite	weak	
Factory	DWT_MASK1	0x1f	Memory	0xe0001034	4	readWrite	weak	
Factory	DWT_FUNCTION1	0x0	Memory	0xe0001038	4	readWrite	weak	
Factory	DWT_PIDR4	0x4	Memory	0xe0001fd0	4	readOnly	weak	
Factory	DWT_PIDR5	0x0	Memory	0xe0001fd4	4	readOnly	weak	
Factory	DWT_PIDR6	0x0	Memory	0xe0001fd8	4	readOnly	weak	
Factory	DWT_PIDR7	0x0	Memory	0xe0001fdc	4	readOnly	weak	
Factory	DWT_PIDR0	0xa	Memory	0xe0001fe0	4	readOnly	weak	
Factory	DWT_PIDR1	0xb0	Memory	0xe0001fe4	4	readOnly	weak	
Factory	DWT_PIDR2	0xb	Memory	0xe0001fe8	4	readOnly	weak	
Factory	DWT_PIDR3	0x0	Memory	0xe0001fec	4	readOnly	weak	
Factory	DWT_CIDR0	0xd	Memory	0xe0001ff0	4	readOnly	weak	
Factory	DWT_CIDR1	0xe0	Memory	0xe0001ff4	4	readOnly	weak	
Factory	DWT_CIDR2	0x5	Memory	0xe0001ff8	4	readOnly	weak	
Factory	DWT_CIDR3	0xb1	Memory	0xe0001ffc	4	readOnly	weak	
Factory	DWT_LSR	0x0	Memory	0xe0001fb4	4	readOnly	weak	
Factory	DWT_LAR	0x0	Memory	0xe0001fb0	4	writeOnly	weak	
Factory	ROM_SCS	0xfff0f003	Memory	0xe00ff000	4	readOnly	weak	
Factory	ROM_DWT	0xfff02003	Memory	0xe00ff004	4	readOnly	weak	
Factory	ROM_BPU	0xfff03003	Memory	0xe00ff008	4	readOnly	weak	
Factory	ROM_END	0x0	Memory	0xe00ff00c	4	readOnly	weak	
Factory	ROM_MEMTYPE	0x1	Memory	0xe00fffcc	4	readOnly	weak	
Factory	ROM_PIDR4	0x4	Memory	0xe00fffd0	4	readOnly	weak	
Factory	ROM_PIDR5	0x0	Memory	0xe00fffd4	4	readOnly	weak	
Factory	ROM_PIDR6	0x0	Memory	0xe00fffd8	4	readOnly	weak	
Factory	ROM_PIDR7	0x0	Memory	0xe00fffdc	4	readOnly	weak	
Factory	ROM_PIDR0	0xc0	Memory	0xe00fffe0	4	readOnly	weak	
Factory	ROM_PIDR1	0xb4	Memory	0xe00fffe4	4	readOnly	weak	
Factory	ROM_PIDR2	0xb	Memory	0xe00fffe8	4	readOnly	weak	
Factory	ROM_PIDR3	0x0	Memory	0xe00fffec	4	readOnly	weak	
Factory	ROM_CIDR0	0xd	Memory	0xe00ffff0	4	readOnly	weak	
Factory	ROM_CIDR1	0x10	Memory	0xe00ffff4	4	readOnly	weak	
Factory	ROM_CIDR2	0x5	Memory	0xe00ffff8	4	readOnly	weak	
Factory	ROM_CIDR3	0xb1	Memory	0xe00ffffc	4	readOnly	weak	
Factory	NVIC_ISER	0x0	Memory	0xe000e100	4	readWrite	weak	
Factory	NVIC_ICER	0x0	Memory	0xe000e180	4	readWrite	weak	
Factory	NVIC_ISPR	0x0	Memory	0xe000e200	4	readWrite	weak	
Factory	NVIC_ICPR	0x0	Memory	0xe000e280	4	readWrite	weak	
Factory	NVIC_IPR0	0x0	Memory	0xe000e400	4	readWrite	weak	
Factory	NVIC_IPR1	0x0	Memory	0xe000e404	4	readWrite	weak	
Factory	NVIC_IPR2	0x0	Memory	0xe000e408	4	readWrite	weak	
Factory	NVIC_IPR3	0x0	Memory	0xe000e40c	4	readWrite	weak	
Factory	NVIC_IPR4	0x0	Memory	0xe000e410	4	readWrite	weak	
Factory	NVIC_IPR5	0x0	Memory	0xe000e414	4	readWrite	weak	
Factory	NVIC_IPR6	0x0	Memory	0xe000e418	4	readWrite	weak	
Factory	NVIC_IPR7	0x0	Memory	0xe000e41c	4	readWrite	weak	
Factory	MPU_TYPE	0x0	Memory	0xe000ed90	4	readOnly	weak	
Factory	CPUID	0x410cc600	Memory	0xe000ed00	4	readOnly	weak	
Factory	ICSR	0x0	Memory	0xe000ed04	4	readWrite	weak	
Factory	VTOR	0x0	Memory	0xe000ed08	4	readWrite	weak	
Factory	AIRCR	0xfa050000	Memory	0xe000ed0c	4	readWrite	weak	
Factory	SCR	0x0	Memory	0xe000ed10	4	readWrite	weak	
Factory	CCR	0x208	Memory	0xe000ed14	4	readOnly	weak	
Factory	SHPR2	0x0	Memory	0xe000ed1c	4	readWrite	weak	
Factory	SHPR3	0x0	Memory	0xe000ed20	4	readWrite	weak	
Factory	ACTLR	0x0	Memory	0xe000e008	4	readWrite	weak	
Factory	SYST_CSR	0x0	Memory	0xe000e010	4	readWrite	weak	
Factory	SYST_RVR	0xffffbf	Memory	0xe000e014	4	readWrite	weak	
Factory	SYST_CVR	0xffffff	Memory	0xe000e018	4	readWrite	weak	
Factory	SYST_CALIB	0x0	Memory	0xe000e01c	4	readOnly	weak	
